<?xml version="1.0" encoding="UTF-8"?>
<!-- Generated by org.testng.reporters.JUnitXMLReporter -->
<testsuite ignored="0" hostname="DESKTOP-J2L11FB" failures="0" tests="5" name="Default test" time="43.03" errors="0" timestamp="2024-08-13T16:54:31 IST">
  <testcase classname="testScripts.LoginTest" name="Verify_valid_Login_Functionality" time="4.161"/>
  <testcase classname="testScripts.LoginTest" name="Verify_Invalid_Login_Functionality" time="8.313"/>
  <testcase classname="testScripts.LoginTest" name="Verify_Invalid_Login_Functionality" time="7.647"/>
  <testcase classname="testScripts.LoginTest" name="Verify_Login_with_empty_username" time="7.581"/>
  <testcase classname="testScripts.LoginTest" name="Verify_Login_with_empty_password" time="8.041"/>
</testsuite> <!-- Default test -->
