<?xml version="1.0" encoding="UTF-8"?>
<!-- Generated by org.testng.reporters.JUnitXMLReporter -->
<testsuite ignored="0" hostname="DESKTOP-J2L11FB" failures="0" tests="5" name="Test" time="45.987" errors="0" timestamp="2024-08-13T16:56:22 IST">
  <testcase classname="testScripts.LoginTest" name="Verify_valid_Login_Functionality" time="5.003"/>
  <testcase classname="testScripts.LoginTest" name="Verify_Invalid_Login_Functionality" time="8.983"/>
  <testcase classname="testScripts.LoginTest" name="Verify_Invalid_Login_Functionality" time="8.007"/>
  <testcase classname="testScripts.LoginTest" name="Verify_Login_with_empty_username" time="8.106"/>
  <testcase classname="testScripts.LoginTest" name="Verify_Login_with_empty_password" time="8.818"/>
</testsuite> <!-- Test -->
